<?xml version="1.0" encoding="UTF-8"?>
<!-- Generated by org.testng.reporters.JUnitReportReporter -->
<testsuite hostname="ZSCHN01LP0312" failures="0" tests="3" name="testScripts.PageOrderTest" time="2.145" errors="0" timestamp="2024-02-06T15:06:40 IST" skipped="0">
  <testcase classname="testScripts.PageOrderTest" name="addToCartTest" time="1.034"/>
  <system-out/>
  <testcase classname="testScripts.PageOrderTest" name="checkoutTest" time="0.171"/>
  <system-out/>
  <testcase classname="testScripts.PageOrderTest" name="checkoutForm" time="0.940"/>
  <system-out/>
</testsuite> <!-- testScripts.PageOrderTest -->
